2025-12-02T01:58:19.887+01:00  INFO 12960 --- [fraud-detection-back] [main] c.i.f.f.FraudDetectionBackApplication    : Starting FraudDetectionBackApplication using Java 21.0.3 with PID 12960 (C:\projects\client\isfa\fraud-detection\fraud-detection-back\target\classes started by asus in C:\projects\client\isfa\fraud-detection\fraud-detection-back)
2025-12-02T01:58:19.894+01:00  INFO 12960 --- [fraud-detection-back] [main] c.i.f.f.FraudDetectionBackApplication    : The following 1 profile is active: "dev"
2025-12-02T01:58:20.927+01:00  INFO 12960 --- [fraud-detection-back] [main] .s.d.r.c.RepositoryConfigurationDelegate : Bootstrapping Spring Data JPA repositories in DEFAULT mode.
2025-12-02T01:58:21.025+01:00  INFO 12960 --- [fraud-detection-back] [main] .s.d.r.c.RepositoryConfigurationDelegate : Finished Spring Data repository scanning in 84 ms. Found 6 JPA repository interfaces.
2025-12-02T01:58:21.638+01:00  INFO 12960 --- [fraud-detection-back] [main] o.s.b.w.embedded.tomcat.TomcatWebServer  : Tomcat initialized with port 9000 (http)
2025-12-02T01:58:21.654+01:00  INFO 12960 --- [fraud-detection-back] [main] o.apache.catalina.core.StandardService   : Starting service [Tomcat]
2025-12-02T01:58:21.654+01:00  INFO 12960 --- [fraud-detection-back] [main] o.apache.catalina.core.StandardEngine    : Starting Servlet engine: [Apache Tomcat/10.1.48]
2025-12-02T01:58:21.727+01:00  INFO 12960 --- [fraud-detection-back] [main] o.a.c.c.C.[Tomcat].[localhost].[/]       : Initializing Spring embedded WebApplicationContext
2025-12-02T01:58:21.727+01:00  INFO 12960 --- [fraud-detection-back] [main] w.s.c.ServletWebServerApplicationContext : Root WebApplicationContext: initialization completed in 1795 ms
2025-12-02T01:58:22.056+01:00  INFO 12960 --- [fraud-detection-back] [main] com.zaxxer.hikari.HikariDataSource       : HikariPool-1 - Starting...
2025-12-02T01:58:22.334+01:00  INFO 12960 --- [fraud-detection-back] [main] com.zaxxer.hikari.pool.HikariPool        : HikariPool-1 - Added connection org.postgresql.jdbc.PgConnection@6e0d16a4
2025-12-02T01:58:22.337+01:00  INFO 12960 --- [fraud-detection-back] [main] com.zaxxer.hikari.HikariDataSource       : HikariPool-1 - Start completed.
2025-12-02T01:58:22.552+01:00  INFO 12960 --- [fraud-detection-back] [main] liquibase.database                       : Set default schema name to public
2025-12-02T01:58:22.811+01:00  INFO 12960 --- [fraud-detection-back] [main] liquibase.changelog                      : Reading from public.databasechangelog
2025-12-02T01:58:22.844+01:00  INFO 12960 --- [fraud-detection-back] [main] liquibase.ui                             : Database is up to date, no changesets to execute
2025-12-02T01:58:22.845+01:00  INFO 12960 --- [fraud-detection-back] [main] liquibase.changelog                      : Reading from public.databasechangelog
2025-12-02T01:58:22.855+01:00  INFO 12960 --- [fraud-detection-back] [main] liquibase.util                           : UPDATE SUMMARY
2025-12-02T01:58:22.855+01:00  INFO 12960 --- [fraud-detection-back] [main] liquibase.util                           : Run:                          0
2025-12-02T01:58:22.855+01:00  INFO 12960 --- [fraud-detection-back] [main] liquibase.util                           : Previously run:               0
2025-12-02T01:58:22.855+01:00  INFO 12960 --- [fraud-detection-back] [main] liquibase.util                           : Filtered out:                 0
2025-12-02T01:58:22.855+01:00  INFO 12960 --- [fraud-detection-back] [main] liquibase.util                           : -------------------------------
2025-12-02T01:58:22.855+01:00  INFO 12960 --- [fraud-detection-back] [main] liquibase.util                           : Total change sets:            0
2025-12-02T01:58:22.856+01:00  INFO 12960 --- [fraud-detection-back] [main] liquibase.util                           : Update summary generated
2025-12-02T01:58:22.858+01:00  INFO 12960 --- [fraud-detection-back] [main] liquibase.command                        : Command execution complete
2025-12-02T01:58:23.997+01:00  INFO 12960 --- [fraud-detection-back] [main] o.hibernate.jpa.internal.util.LogHelper  : HHH000204: Processing PersistenceUnitInfo [name: default]
2025-12-02T01:58:24.092+01:00  INFO 12960 --- [fraud-detection-back] [main] org.hibernate.Version                    : HHH000412: Hibernate ORM core version 6.6.33.Final
2025-12-02T01:58:24.137+01:00  INFO 12960 --- [fraud-detection-back] [main] o.h.c.internal.RegionFactoryInitiator    : HHH000026: Second-level cache disabled
2025-12-02T01:58:24.518+01:00  INFO 12960 --- [fraud-detection-back] [main] o.s.o.j.p.SpringPersistenceUnitInfo      : No LoadTimeWeaver setup: ignoring JPA class transformer
2025-12-02T01:58:24.609+01:00  WARN 12960 --- [fraud-detection-back] [main] org.hibernate.orm.deprecation            : HHH90000025: PostgreSQLDialect does not need to be specified explicitly using 'hibernate.dialect' (remove the property setting and it will be selected by default)
2025-12-02T01:58:24.629+01:00  INFO 12960 --- [fraud-detection-back] [main] org.hibernate.orm.connections.pooling    : HHH10001005: Database info:
	Database JDBC URL [Connecting through datasource 'HikariDataSource (HikariPool-1)']
	Database driver: undefined/unknown
	Database version: 18.0
	Autocommit mode: undefined/unknown
	Isolation level: undefined/unknown
	Minimum pool size: undefined/unknown
	Maximum pool size: undefined/unknown
2025-12-02T01:58:25.617+01:00  INFO 12960 --- [fraud-detection-back] [main] o.h.e.t.j.p.i.JtaPlatformInitiator       : HHH000489: No JTA platform available (set 'hibernate.transaction.jta.platform' to enable JTA platform integration)
2025-12-02T01:58:25.729+01:00  INFO 12960 --- [fraud-detection-back] [main] j.LocalContainerEntityManagerFactoryBean : Initialized JPA EntityManagerFactory for persistence unit 'default'
2025-12-02T01:58:25.957+01:00  WARN 12960 --- [fraud-detection-back] [main] JpaBaseConfiguration$JpaWebConfiguration : spring.jpa.open-in-view is enabled by default. Therefore, database queries may be performed during view rendering. Explicitly configure spring.jpa.open-in-view to disable this warning
2025-12-02T01:58:26.187+01:00  INFO 12960 --- [fraud-detection-back] [main] eAuthenticationProviderManagerConfigurer : Global AuthenticationManager configured with AuthenticationProvider bean with name authenticationProvider
2025-12-02T01:58:26.188+01:00  WARN 12960 --- [fraud-detection-back] [main] r$InitializeUserDetailsManagerConfigurer : Global AuthenticationManager configured with an AuthenticationProvider bean. UserDetailsService beans will not be used by Spring Security for automatically configuring username/password login. Consider removing the AuthenticationProvider bean. Alternatively, consider using the UserDetailsService in a manually instantiated DaoAuthenticationProvider. If the current configuration is intentional, to turn off this warning, increase the logging level of 'org.springframework.security.config.annotation.authentication.configuration.InitializeUserDetailsBeanManagerConfigurer' to ERROR
2025-12-02T01:58:26.270+01:00  INFO 12960 --- [fraud-detection-back] [main] o.s.d.j.r.query.QueryEnhancerFactory     : Hibernate is in classpath; If applicable, HQL parser will be used.
2025-12-02T01:58:27.524+01:00  INFO 12960 --- [fraud-detection-back] [main] o.s.b.a.e.web.EndpointLinksResolver      : Exposing 16 endpoints beneath base path '/actuator'
2025-12-02T01:58:27.846+01:00  INFO 12960 --- [fraud-detection-back] [main] o.s.b.w.embedded.tomcat.TomcatWebServer  : Tomcat started on port 9000 (http) with context path '/'
2025-12-02T01:58:27.859+01:00  INFO 12960 --- [fraud-detection-back] [main] c.i.f.f.FraudDetectionBackApplication    : Started FraudDetectionBackApplication in 8.429 seconds (process running for 13.194)
2025-12-02T01:58:47.209+01:00  INFO 12960 --- [fraud-detection-back] [SpringApplicationShutdownHook] o.s.b.w.e.tomcat.GracefulShutdown        : Commencing graceful shutdown. Waiting for active requests to complete
2025-12-02T01:58:47.221+01:00  INFO 12960 --- [fraud-detection-back] [tomcat-shutdown] o.s.b.w.e.tomcat.GracefulShutdown        : Graceful shutdown complete
2025-12-02T01:58:47.228+01:00  INFO 12960 --- [fraud-detection-back] [SpringApplicationShutdownHook] j.LocalContainerEntityManagerFactoryBean : Closing JPA EntityManagerFactory for persistence unit 'default'
2025-12-02T01:58:47.230+01:00  INFO 12960 --- [fraud-detection-back] [SpringApplicationShutdownHook] com.zaxxer.hikari.HikariDataSource       : HikariPool-1 - Shutdown initiated...
2025-12-02T01:58:47.235+01:00  INFO 12960 --- [fraud-detection-back] [SpringApplicationShutdownHook] com.zaxxer.hikari.HikariDataSource       : HikariPool-1 - Shutdown completed.
2025-12-02T01:58:53.173+01:00  INFO 25356 --- [fraud-detection-back] [main] c.i.f.f.FraudDetectionBackApplication    : Starting FraudDetectionBackApplication using Java 21.0.3 with PID 25356 (C:\projects\client\isfa\fraud-detection\fraud-detection-back\target\classes started by asus in C:\projects\client\isfa\fraud-detection\fraud-detection-back)
2025-12-02T01:58:53.175+01:00  INFO 25356 --- [fraud-detection-back] [main] c.i.f.f.FraudDetectionBackApplication    : The following 1 profile is active: "prod"
2025-12-02T01:58:54.243+01:00  INFO 25356 --- [fraud-detection-back] [main] .s.d.r.c.RepositoryConfigurationDelegate : Bootstrapping Spring Data JPA repositories in DEFAULT mode.
2025-12-02T01:58:54.325+01:00  INFO 25356 --- [fraud-detection-back] [main] .s.d.r.c.RepositoryConfigurationDelegate : Finished Spring Data repository scanning in 71 ms. Found 6 JPA repository interfaces.
2025-12-02T01:58:54.863+01:00  INFO 25356 --- [fraud-detection-back] [main] o.s.b.w.embedded.tomcat.TomcatWebServer  : Tomcat initialized with port 9000 (http)
2025-12-02T01:58:54.877+01:00  INFO 25356 --- [fraud-detection-back] [main] o.apache.catalina.core.StandardService   : Starting service [Tomcat]
2025-12-02T01:58:54.877+01:00  INFO 25356 --- [fraud-detection-back] [main] o.apache.catalina.core.StandardEngine    : Starting Servlet engine: [Apache Tomcat/10.1.48]
2025-12-02T01:58:54.933+01:00  INFO 25356 --- [fraud-detection-back] [main] o.a.c.c.C.[Tomcat].[localhost].[/]       : Initializing Spring embedded WebApplicationContext
2025-12-02T01:58:54.933+01:00  INFO 25356 --- [fraud-detection-back] [main] w.s.c.ServletWebServerApplicationContext : Root WebApplicationContext: initialization completed in 1715 ms
2025-12-02T01:58:55.217+01:00  INFO 25356 --- [fraud-detection-back] [main] com.zaxxer.hikari.HikariDataSource       : HikariPool-1 - Starting...
2025-12-02T01:58:55.451+01:00  INFO 25356 --- [fraud-detection-back] [main] com.zaxxer.hikari.pool.HikariPool        : HikariPool-1 - Added connection org.postgresql.jdbc.PgConnection@1753475d
2025-12-02T01:58:55.452+01:00  INFO 25356 --- [fraud-detection-back] [main] com.zaxxer.hikari.HikariDataSource       : HikariPool-1 - Start completed.
2025-12-02T01:58:55.590+01:00  INFO 25356 --- [fraud-detection-back] [main] liquibase.database                       : Set default schema name to public
2025-12-02T01:58:55.835+01:00  INFO 25356 --- [fraud-detection-back] [main] liquibase.changelog                      : Reading from public.databasechangelog
2025-12-02T01:58:55.865+01:00  INFO 25356 --- [fraud-detection-back] [main] liquibase.ui                             : Database is up to date, no changesets to execute
2025-12-02T01:58:55.866+01:00  INFO 25356 --- [fraud-detection-back] [main] liquibase.changelog                      : Reading from public.databasechangelog
2025-12-02T01:58:55.874+01:00  INFO 25356 --- [fraud-detection-back] [main] liquibase.util                           : UPDATE SUMMARY
2025-12-02T01:58:55.875+01:00  INFO 25356 --- [fraud-detection-back] [main] liquibase.util                           : Run:                          0
2025-12-02T01:58:55.875+01:00  INFO 25356 --- [fraud-detection-back] [main] liquibase.util                           : Previously run:               0
2025-12-02T01:58:55.875+01:00  INFO 25356 --- [fraud-detection-back] [main] liquibase.util                           : Filtered out:                 0
2025-12-02T01:58:55.875+01:00  INFO 25356 --- [fraud-detection-back] [main] liquibase.util                           : -------------------------------
2025-12-02T01:58:55.875+01:00  INFO 25356 --- [fraud-detection-back] [main] liquibase.util                           : Total change sets:            0
2025-12-02T01:58:55.876+01:00  INFO 25356 --- [fraud-detection-back] [main] liquibase.util                           : Update summary generated
2025-12-02T01:58:55.877+01:00  INFO 25356 --- [fraud-detection-back] [main] liquibase.command                        : Command execution complete
2025-12-02T01:58:56.682+01:00  INFO 25356 --- [fraud-detection-back] [main] o.hibernate.jpa.internal.util.LogHelper  : HHH000204: Processing PersistenceUnitInfo [name: default]
2025-12-02T01:58:56.742+01:00  INFO 25356 --- [fraud-detection-back] [main] org.hibernate.Version                    : HHH000412: Hibernate ORM core version 6.6.33.Final
2025-12-02T01:58:56.777+01:00  INFO 25356 --- [fraud-detection-back] [main] o.h.c.internal.RegionFactoryInitiator    : HHH000026: Second-level cache disabled
2025-12-02T01:58:57.016+01:00  INFO 25356 --- [fraud-detection-back] [main] o.s.o.j.p.SpringPersistenceUnitInfo      : No LoadTimeWeaver setup: ignoring JPA class transformer
2025-12-02T01:58:57.052+01:00  WARN 25356 --- [fraud-detection-back] [main] org.hibernate.orm.deprecation            : HHH90000025: PostgreSQLDialect does not need to be specified explicitly using 'hibernate.dialect' (remove the property setting and it will be selected by default)
2025-12-02T01:58:57.064+01:00  INFO 25356 --- [fraud-detection-back] [main] org.hibernate.orm.connections.pooling    : HHH10001005: Database info:
	Database JDBC URL [Connecting through datasource 'HikariDataSource (HikariPool-1)']
	Database driver: undefined/unknown
	Database version: 18.0
	Autocommit mode: undefined/unknown
	Isolation level: undefined/unknown
	Minimum pool size: undefined/unknown
	Maximum pool size: undefined/unknown
2025-12-02T01:58:57.916+01:00  INFO 25356 --- [fraud-detection-back] [main] o.h.e.t.j.p.i.JtaPlatformInitiator       : HHH000489: No JTA platform available (set 'hibernate.transaction.jta.platform' to enable JTA platform integration)
2025-12-02T01:58:57.988+01:00  INFO 25356 --- [fraud-detection-back] [main] j.LocalContainerEntityManagerFactoryBean : Initialized JPA EntityManagerFactory for persistence unit 'default'
2025-12-02T01:58:58.242+01:00  WARN 25356 --- [fraud-detection-back] [main] JpaBaseConfiguration$JpaWebConfiguration : spring.jpa.open-in-view is enabled by default. Therefore, database queries may be performed during view rendering. Explicitly configure spring.jpa.open-in-view to disable this warning
2025-12-02T01:58:58.499+01:00  INFO 25356 --- [fraud-detection-back] [main] eAuthenticationProviderManagerConfigurer : Global AuthenticationManager configured with AuthenticationProvider bean with name authenticationProvider
2025-12-02T01:58:58.499+01:00  WARN 25356 --- [fraud-detection-back] [main] r$InitializeUserDetailsManagerConfigurer : Global AuthenticationManager configured with an AuthenticationProvider bean. UserDetailsService beans will not be used by Spring Security for automatically configuring username/password login. Consider removing the AuthenticationProvider bean. Alternatively, consider using the UserDetailsService in a manually instantiated DaoAuthenticationProvider. If the current configuration is intentional, to turn off this warning, increase the logging level of 'org.springframework.security.config.annotation.authentication.configuration.InitializeUserDetailsBeanManagerConfigurer' to ERROR
2025-12-02T01:58:58.557+01:00  INFO 25356 --- [fraud-detection-back] [main] o.s.d.j.r.query.QueryEnhancerFactory     : Hibernate is in classpath; If applicable, HQL parser will be used.
2025-12-02T01:58:59.841+01:00  INFO 25356 --- [fraud-detection-back] [main] o.s.b.a.e.web.EndpointLinksResolver      : Exposing 16 endpoints beneath base path '/actuator'
2025-12-02T01:59:00.207+01:00  INFO 25356 --- [fraud-detection-back] [main] o.s.b.w.embedded.tomcat.TomcatWebServer  : Tomcat started on port 9000 (http) with context path '/'
2025-12-02T01:59:00.220+01:00  INFO 25356 --- [fraud-detection-back] [main] c.i.f.f.FraudDetectionBackApplication    : Started FraudDetectionBackApplication in 7.502 seconds (process running for 7.85)
2025-12-02T01:59:16.696+01:00  INFO 25356 --- [fraud-detection-back] [http-nio-9000-exec-1] o.a.c.c.C.[Tomcat].[localhost].[/]       : Initializing Spring DispatcherServlet 'dispatcherServlet'
2025-12-02T01:59:16.697+01:00  INFO 25356 --- [fraud-detection-back] [http-nio-9000-exec-1] o.s.web.servlet.DispatcherServlet        : Initializing Servlet 'dispatcherServlet'
2025-12-02T01:59:16.698+01:00  INFO 25356 --- [fraud-detection-back] [http-nio-9000-exec-1] o.s.web.servlet.DispatcherServlet        : Completed initialization in 1 ms
2025-12-02T01:59:47.802+01:00  INFO 25356 --- [fraud-detection-back] [SpringApplicationShutdownHook] o.s.b.w.e.tomcat.GracefulShutdown        : Commencing graceful shutdown. Waiting for active requests to complete
2025-12-02T01:59:47.813+01:00  INFO 25356 --- [fraud-detection-back] [tomcat-shutdown] o.s.b.w.e.tomcat.GracefulShutdown        : Graceful shutdown complete
2025-12-02T01:59:47.821+01:00  INFO 25356 --- [fraud-detection-back] [SpringApplicationShutdownHook] j.LocalContainerEntityManagerFactoryBean : Closing JPA EntityManagerFactory for persistence unit 'default'
2025-12-02T01:59:47.823+01:00  INFO 25356 --- [fraud-detection-back] [SpringApplicationShutdownHook] com.zaxxer.hikari.HikariDataSource       : HikariPool-1 - Shutdown initiated...
2025-12-02T01:59:47.830+01:00  INFO 25356 --- [fraud-detection-back] [SpringApplicationShutdownHook] com.zaxxer.hikari.HikariDataSource       : HikariPool-1 - Shutdown completed.
